{"/Users/drakevorndran/code/6sem/JSFEW/api-wrapper/src/index.js": {"path":"/Users/drakevorndran/code/6sem/JSFEW/api-wrapper/src/index.js","statementMap":{"0":{"start":{"line":1,"column":14},"end":{"line":1,"column":32}},"1":{"start":{"line":2,"column":10},"end":{"line":2,"column":43}},"2":{"start":{"line":4,"column":17},"end":{"line":4,"column":51}},"3":{"start":{"line":5,"column":14},"end":{"line":5,"column":98}},"4":{"start":{"line":6,"column":4},"end":{"line":20,"column":62}},"5":{"start":{"line":7,"column":22},"end":{"line":7,"column":37}},"6":{"start":{"line":8,"column":23},"end":{"line":18,"column":9}},"7":{"start":{"line":19,"column":8},"end":{"line":19,"column":24}},"8":{"start":{"line":20,"column":33},"end":{"line":20,"column":57}},"9":{"start":{"line":22,"column":0},"end":{"line":22,"column":33}}},"fnMap":{"0":{"name":"getCleanWeather","decl":{"start":{"line":3,"column":9},"end":{"line":3,"column":24}},"loc":{"start":{"line":3,"column":30},"end":{"line":21,"column":1}},"line":3},"1":{"name":"(anonymous_1)","decl":{"start":{"line":6,"column":26},"end":{"line":6,"column":27}},"loc":{"start":{"line":6,"column":41},"end":{"line":20,"column":5}},"line":6},"2":{"name":"(anonymous_2)","decl":{"start":{"line":20,"column":16},"end":{"line":20,"column":17}},"loc":{"start":{"line":20,"column":31},"end":{"line":20,"column":59}},"line":20}},"branchMap":{},"s":{"0":1,"1":1,"2":1,"3":1,"4":1,"5":1,"6":1,"7":1,"8":0,"9":1},"f":{"0":1,"1":1,"2":0},"b":{},"_coverageSchema":"43e27e138ebf9cfc5966b082cf9a028302ed4184","hash":"0d1caa8c1301842e9d30fbd77368c49213bad98a"}
}
